0 info it worked if it ends with ok
1 verbose cli [ '/Users/dgaynor/.nvm/v4.4.2/bin/node',
1 verbose cli   '/Users/dgaynor/.nvm/v4.4.2/bin/npm',
1 verbose cli   'start' ]
2 info using npm@2.15.0
3 info using node@v4.4.2
4 verbose run-script [ 'prestart', 'start', 'poststart' ]
5 info prestart classadoo-simulator@0.0.1
6 info start classadoo-simulator@0.0.1
7 verbose unsafe-perm in lifecycle true
8 info classadoo-simulator@0.0.1 Failed to exec start script
9 verbose stack Error: classadoo-simulator@0.0.1 start: `node simulate.js`
9 verbose stack Exit status 1
9 verbose stack     at EventEmitter.<anonymous> (/Users/dgaynor/.nvm/v4.4.2/lib/node_modules/npm/lib/utils/lifecycle.js:217:16)
9 verbose stack     at emitTwo (events.js:87:13)
9 verbose stack     at EventEmitter.emit (events.js:172:7)
9 verbose stack     at ChildProcess.<anonymous> (/Users/dgaynor/.nvm/v4.4.2/lib/node_modules/npm/lib/utils/spawn.js:24:14)
9 verbose stack     at emitTwo (events.js:87:13)
9 verbose stack     at ChildProcess.emit (events.js:172:7)
9 verbose stack     at maybeClose (internal/child_process.js:827:16)
9 verbose stack     at Process.ChildProcess._handle.onexit (internal/child_process.js:211:5)
10 verbose pkgid classadoo-simulator@0.0.1
11 verbose cwd /Users/dgaynor/classadoo-simulator
12 error Darwin 15.4.0
13 error argv "/Users/dgaynor/.nvm/v4.4.2/bin/node" "/Users/dgaynor/.nvm/v4.4.2/bin/npm" "start"
14 error node v4.4.2
15 error npm  v2.15.0
16 error code ELIFECYCLE
17 error classadoo-simulator@0.0.1 start: `node simulate.js`
17 error Exit status 1
18 error Failed at the classadoo-simulator@0.0.1 start script 'node simulate.js'.
18 error This is most likely a problem with the classadoo-simulator package,
18 error not with npm itself.
18 error Tell the author that this fails on your system:
18 error     node simulate.js
18 error You can get information on how to open an issue for this project with:
18 error     npm bugs classadoo-simulator
18 error Or if that isn't available, you can get their info via:
18 error
18 error     npm owner ls classadoo-simulator
18 error There is likely additional logging output above.
19 verbose exit [ 1, true ]
